{
	"/Users/xabier.lameirocardam/Projects/web/pages/_app.tsx": {
		"path": "/Users/xabier.lameirocardam/Projects/web/pages/_app.tsx",
		"statementMap": {
			"0": { "start": { "line": 3, "column": 12 }, "end": { "line": 5, "column": 1 } },
			"1": { "start": { "line": 4, "column": 1 }, "end": { "line": 4, "column": 36 } }
		},
		"fnMap": {
			"0": {
				"name": "(anonymous_0)",
				"decl": { "start": { "line": 3, "column": 12 }, "end": { "line": 3, "column": 13 } },
				"loc": { "start": { "line": 3, "column": 65 }, "end": { "line": 5, "column": 1 } },
				"line": 3
			}
		},
		"branchMap": {},
		"s": { "0": 1, "1": 1 },
		"f": { "0": 1 },
		"b": {},
		"_coverageSchema": "1a1c01bbd47fc00a2c39e90264f33305004495a9",
		"hash": "970421a887d47eb71f43167060e3c469d6b829d5"
	},
	"/Users/xabier.lameirocardam/Projects/web/pages/index.tsx": {
		"path": "/Users/xabier.lameirocardam/Projects/web/pages/index.tsx",
		"statementMap": {
			"0": { "start": { "line": 4, "column": 23 }, "end": { "line": 13, "column": 1 } },
			"1": { "start": { "line": 5, "column": 31 }, "end": { "line": 5, "column": 47 } },
			"2": { "start": { "line": 6, "column": 13 }, "end": { "line": 6, "column": 38 } },
			"3": { "start": { "line": 6, "column": 19 }, "end": { "line": 6, "column": 38 } },
			"4": { "start": { "line": 7, "column": 1 }, "end": { "line": 12, "column": 2 } }
		},
		"fnMap": {
			"0": {
				"name": "(anonymous_0)",
				"decl": { "start": { "line": 4, "column": 23 }, "end": { "line": 4, "column": 24 } },
				"loc": { "start": { "line": 4, "column": 42 }, "end": { "line": 13, "column": 1 } },
				"line": 4
			},
			"1": {
				"name": "(anonymous_1)",
				"decl": { "start": { "line": 6, "column": 13 }, "end": { "line": 6, "column": 14 } },
				"loc": { "start": { "line": 6, "column": 19 }, "end": { "line": 6, "column": 38 } },
				"line": 6
			}
		},
		"branchMap": {},
		"s": { "0": 2, "1": 3, "2": 3, "3": 1, "4": 3 },
		"f": { "0": 3, "1": 1 },
		"b": {},
		"_coverageSchema": "1a1c01bbd47fc00a2c39e90264f33305004495a9",
		"hash": "8182b7a9967201dd54e1b1fac333d6a644c68ec3"
	}
}
